<?xml version="1.0" encoding="UTF-8"?>
<!-- Generated by org.testng.reporters.JUnitReportReporter -->
<testsuite skipped="0" hostname="inidc-bangea02" name="TestNG.TestClass" tests="1" failures="0" timestamp="20 May 2018 12:54:25 GMT" time="0.088" errors="0">
  <testcase name="m1" time="0.088" classname="TestNG.TestClass"/>
</testsuite> <!-- TestNG.TestClass -->
